06/01/2021 11:21:30 AM Start connection
06/01/2021 11:21:33 AM Start pump at 10.0000
06/01/2021 11:23:42 AM Start connection
06/01/2021 11:23:45 AM Start pump at 10.0000 mL/min
06/01/2021 11:24:17 AM First step done
06/01/2021 02:19:58 PM new exp 
 
06/01/2021 02:20:05 PM new exp 
 is ok
06/01/2021 02:23:55 PM ############################################################################## 
##############################################################################
06/01/2021 02:25:56 PM  
##############################################################################
06/01/2021 02:28:21 PM a i 2.00 
b is 1.00
06/01/2021 02:31:11 PM a i 2.00 
b is 1.00
06/01/2021 02:31:16 PM a i 2.00 
b is 1.00
06/01/2021 03:17:13 PM 
################################################################################ 
experiment name: truc 
volume = 10.000 
 rate = 20.000 
 init_move = push
06/01/2021 03:24:19 PM test
06/01/2021 03:25:06 PM test
06/01/2021 03:30:50 PM test2
06/01/2021 03:34:20 PM test2
06/01/2021 03:34:23 PM test3
06/01/2021 04:12:12 PM 
################################################################################ 
################################################################################ 
experiment name: first loop 
volume = -15.000 
rate = 15.000 
init_move = pull
06/01/2021 04:12:13 PM Start pump at -15.00 mL/min
06/01/2021 04:13:16 PM Start pump at 15.00 mL/min
06/01/2021 04:13:46 PM Press Ctrl-C to stop experiment
06/01/2021 04:13:46 PM sequence finished
06/01/2021 04:13:48 PM 
################################################################################ 
################################################################################ 
experiment name: second loop 
volume = -15.000 
rate = 15.000 
init_move = pull
06/01/2021 04:13:49 PM Start pump at -15.00 mL/min
06/01/2021 04:16:32 PM 
################################################################################ 
################################################################################ 
experiment name: first loop 
volume = -15.000 
rate = 15.000 
init_move = pull
06/01/2021 04:16:33 PM Start pump at -15.00 mL/min
06/01/2021 04:16:37 PM Press Ctrl-C to stop experiment
06/01/2021 04:16:57 PM 
################################################################################ 
################################################################################ 
experiment name: first loop 
volume = -15.000 
rate = 15.000 
init_move = pull
06/01/2021 04:16:58 PM Start pump at -15.00 mL/min
06/01/2021 04:17:01 PM Press Ctrl-C to stop experiment
06/01/2021 04:17:22 PM 
################################################################################ 
################################################################################ 
experiment name: first loop 
volume = -15.000 
rate = 15.000 
init_move = pull
06/01/2021 04:17:23 PM Start pump at -15.00 mL/min
06/01/2021 04:17:30 PM Press Ctrl-C to stop experiment
06/01/2021 04:18:56 PM 
################################################################################ 
################################################################################ 
experiment name: first loop 
volume = -15.000 
rate = 5.000 
init_move = pull
06/01/2021 04:18:57 PM Start pump at -15.00 mL/min
06/01/2021 04:19:19 PM Start pump at 15.00 mL/min
06/01/2021 04:19:41 PM sequence finished
06/01/2021 04:19:43 PM 
################################################################################ 
################################################################################ 
experiment name: second loop 
volume = -15.000 
rate = 5.000 
init_move = pull
06/01/2021 04:19:44 PM Start pump at -15.00 mL/min
06/01/2021 04:20:06 PM Start pump at 15.00 mL/min
06/01/2021 04:20:28 PM sequence finished
06/01/2021 04:22:25 PM 
################################################################################ 
################################################################################ 
experiment name: first loop 
volume = -15.000 
rate = 5.000 
init_move = pull
06/01/2021 04:22:26 PM Start pump at -15.00 mL/min
06/01/2021 04:22:49 PM Start pump at 15.00 mL/min
06/01/2021 04:23:10 PM sequence finished
06/01/2021 04:23:12 PM 
################################################################################ 
################################################################################ 
experiment name: second loop 
volume = -15.000 
rate = 5.000 
init_move = pull
06/01/2021 04:23:13 PM Start pump at -15.00 mL/min
06/01/2021 04:23:32 PM Press Ctrl-C to stop experiment
INFO 06/01/2021 04:26:06 PM 
################################################################################ 
################################################################################ 
experiment name: first loop 
volume = -15.000 
rate = 5.000 
init_move = pull
INFO 06/01/2021 04:26:07 PM Start pump at -15.00 mL/min
WARNING 06/01/2021 04:26:20 PM Press Ctrl-C to stop experiment
INFO : 06/01/2021 04:29:23 PM 
################################################################################ 
################################################################################ 
experiment name: first loop 
volume = -15.000 
rate = 5.000 
init_move = pull
INFO : 06/01/2021 04:29:24 PM Start pump at -15.00 mL/min
WARNING : 06/01/2021 04:29:29 PM  WARNING : Ctrl-C pressed to stop experiment
INFO : 06/01/2021 04:31:29 PM 
################################################################################ 
################################################################################ 
experiment name: first loop 
volume = -15.000 
rate = 5.000 
init_move = pull
INFO : 06/01/2021 04:31:30 PM Start pump at -15.00 mL/min
WARNING : 06/01/2021 04:31:33 PM Ctrl-C pressed to stop experiment
INFO : 06/01/2021 04:31:48 PM 
################################################################################ 
################################################################################ 
experiment name: first loop 
volume = -15.000 
rate = 5.000 
init_move = pull
INFO : 06/01/2021 04:31:49 PM Start pump at -15.00 mL/min
WARNING : 06/01/2021 04:31:51 PM Ctrl-C pressed to stop experiment
INFO : 06/01/2021 04:32:07 PM 
################################################################################ 
################################################################################ 
experiment name: first loop 
volume = -15.000 
rate = 5.000 
init_move = pull
INFO : 06/01/2021 04:32:08 PM Start pump at -15.00 mL/min
WARNING : 06/01/2021 04:32:13 PM Ctrl-C pressed to stop experiment
INFO : 06/01/2021 04:32:14 PM Start pump at 15.00 mL/min
INFO : 06/01/2021 04:32:35 PM sequence finished
INFO : 06/01/2021 04:32:37 PM 
################################################################################ 
################################################################################ 
experiment name: second loop 
volume = -15.000 
rate = 5.000 
init_move = pull
INFO : 06/01/2021 04:32:38 PM Start pump at -15.00 mL/min
INFO : 06/01/2021 04:32:57 PM Start pump at 15.00 mL/min
INFO : 06/01/2021 04:33:10 PM 
################################################################################ 
################################################################################ 
experiment name: first loop 
volume = -15.000 
rate = 5.000 
init_move = pull
INFO : 06/01/2021 04:33:11 PM Start pump at -15.00 mL/min
INFO : 06/01/2021 04:33:33 PM Start pump at 15.00 mL/min
WARNING : 06/01/2021 04:33:37 PM Ctrl-C pressed to stop experiment
INFO : 06/01/2021 05:25:20 PM 
################################################################################ 
################################################################################ 
experiment name: first loop 
volume = -15.000 
rate = 5.000 
init_move = pull
INFO : 06/01/2021 05:25:21 PM Start pump at -15.00 mL/min
INFO : 06/01/2021 05:25:44 PM Start pump at 15.00 mL/min
INFO : 06/01/2021 05:26:05 PM sequence finished
INFO : 06/01/2021 05:26:07 PM 
################################################################################ 
################################################################################ 
experiment name: second loop 
volume = -15.000 
rate = 5.000 
init_move = pull
INFO : 06/01/2021 05:26:08 PM Start pump at -15.00 mL/min
INFO : 06/01/2021 05:26:31 PM Start pump at 15.00 mL/min
INFO : 06/01/2021 05:26:52 PM sequence finished
INFO : 06/01/2021 05:43:28 PM 
################################################################################ 
################################################################################ 
experiment name: first loop 
volume = -15.000 
rate = 5.000 
init_move = pull
INFO : 06/01/2021 05:43:29 PM Start pump at -15.00 mL/min
INFO : 06/01/2021 05:43:52 PM Start pump at 15.00 mL/min
INFO : 06/01/2021 05:44:13 PM sequence finished
INFO : 06/01/2021 05:44:15 PM 
################################################################################ 
################################################################################ 
experiment name: second loop 
volume = -15.000 
rate = 5.000 
init_move = pull
INFO : 06/01/2021 05:44:16 PM Start pump at -15.00 mL/min
INFO : 06/01/2021 05:44:41 PM 
################################################################################ 
################################################################################ 
experiment name: first loop 
volume = -15.000 
rate = 5.000 
init_move = pull
INFO : 06/01/2021 05:44:42 PM Start pump at -15.00 mL/min
INFO : 06/01/2021 05:45:05 PM Start pump at 15.00 mL/min
INFO : 06/01/2021 05:45:27 PM sequence finished
INFO : 06/01/2021 05:45:28 PM 
################################################################################ 
################################################################################ 
experiment name: second loop 
volume = -15.000 
rate = 5.000 
init_move = pull
INFO : 06/01/2021 05:45:29 PM Start pump at -15.00 mL/min
INFO : 06/01/2021 05:45:52 PM Start pump at 15.00 mL/min
INFO : 06/01/2021 05:46:13 PM sequence finished
INFO : 06/01/2021 05:47:06 PM 
################################################################################ 
################################################################################ 
experiment name: first loop 
volume = -15.000 
rate = 5.000 
init_move = pull
INFO : 06/01/2021 05:47:07 PM Start pump at -15.00 mL/min
INFO : 06/01/2021 05:47:30 PM Start pump at 15.00 mL/min
INFO : 06/01/2021 05:48:05 PM 
################################################################################ 
################################################################################ 
experiment name: first loop 
volume = -15.000 
rate = 5.000 
init_move = pull
INFO : 06/01/2021 05:48:06 PM Start pump at -15.00 mL/min
WARNING : 06/01/2021 05:48:07 PM Ctrl-C pressed to stop experiment
INFO : 06/01/2021 05:48:24 PM 
################################################################################ 
################################################################################ 
experiment name: first loop 
volume = -15.000 
rate = 1.000 
init_move = pull
INFO : 06/01/2021 05:48:25 PM Start pump at -15.00 mL/min
INFO : 06/01/2021 05:48:31 PM Start pump at 15.00 mL/min
INFO : 06/01/2021 05:48:36 PM sequence finished
INFO : 06/01/2021 05:54:58 PM 
################################################################################ 
################################################################################ 
experiment name: first loop 
volume = -15.000 
rate = 1.000 
init_move = pull
INFO : 06/01/2021 05:54:59 PM Start pump at -15.00 mL/min
INFO : 06/01/2021 05:55:07 PM Start pump at 15.00 mL/min
INFO : 06/01/2021 05:55:12 PM sequence finished
INFO : 06/01/2021 05:55:41 PM 
################################################################################ 
################################################################################ 
experiment name: first loop 
volume = -15.000 
rate = 1.000 
init_move = pull
INFO : 06/01/2021 05:55:42 PM Start pump at -15.00 mL/min
INFO : 06/01/2021 05:55:49 PM Start pump at 15.00 mL/min
INFO : 06/01/2021 05:55:54 PM sequence finished
INFO : 06/01/2021 05:56:01 PM 
################################################################################ 
################################################################################ 
experiment name: first loop 
volume = -15.000 
rate = 1.000 
init_move = pull
INFO : 06/01/2021 05:56:02 PM Start pump at -15.00 mL/min
INFO : 06/01/2021 05:56:08 PM Start pump at 15.00 mL/min
INFO : 06/01/2021 05:56:13 PM sequence finished
INFO : 06/01/2021 05:57:02 PM 
################################################################################ 
################################################################################ 
experiment name: first loop 
volume = -15.000 
rate = 1.000 
init_move = pull
INFO : 06/01/2021 05:57:03 PM Start pump at -15.00 mL/min
INFO : 06/01/2021 05:57:09 PM Start pump at 15.00 mL/min
INFO : 06/01/2021 05:57:14 PM sequence finished
INFO : 06/01/2021 05:57:54 PM 
################################################################################ 
################################################################################ 
experiment name: first loop 
volume = -15.000 
rate = 1.000 
init_move = pull
INFO : 06/01/2021 05:57:55 PM Start pump at -15.00 mL/min
INFO : 06/01/2021 05:58:03 PM Start pump at 15.00 mL/min
INFO : 06/01/2021 05:58:08 PM sequence finished
INFO : 06/01/2021 05:58:49 PM 
################################################################################ 
################################################################################ 
experiment name: first loop 
volume = -15.000 
rate = 1.000 
init_move = pull
INFO : 06/01/2021 05:58:50 PM Start pump at -15.00 mL/min
INFO : 06/01/2021 05:58:58 PM Start pump at 15.00 mL/min
INFO : 06/01/2021 05:59:03 PM sequence finished
INFO : 06/01/2021 05:59:16 PM 
################################################################################ 
################################################################################ 
experiment name: first loop 
volume = -15.000 
rate = 1.000 
init_move = pull
INFO : 06/01/2021 05:59:17 PM Start pump at -15.00 mL/min
INFO : 06/01/2021 05:59:23 PM Start pump at 15.00 mL/min
INFO : 06/01/2021 05:59:28 PM sequence finished
INFO : 06/01/2021 05:59:46 PM 
################################################################################ 
################################################################################ 
experiment name: first loop 
volume = -15.000 
rate = 1.000 
init_move = pull
INFO : 06/01/2021 05:59:47 PM Start pump at -15.00 mL/min
INFO : 06/01/2021 05:59:53 PM Start pump at 15.00 mL/min
INFO : 06/01/2021 05:59:58 PM sequence finished
INFO : 06/01/2021 06:00:11 PM 
################################################################################ 
################################################################################ 
experiment name: first loop 
volume = -15.000 
rate = 1.000 
init_move = pull
INFO : 06/01/2021 06:00:12 PM Start pump at -15.00 mL/min
INFO : 06/01/2021 06:00:18 PM Start pump at 15.00 mL/min
INFO : 06/01/2021 06:00:23 PM sequence finished
INFO : 06/01/2021 06:04:01 PM 
################################################################################ 
################################################################################ 
experiment name: first loop 
volume = -15.000 
rate = 1.000 
init_move = pull
INFO : 06/01/2021 06:04:02 PM Start pump at -15.00 mL/min
INFO : 06/01/2021 06:04:08 PM Start pump at 15.00 mL/min
INFO : 06/01/2021 06:04:26 PM 
################################################################################ 
################################################################################ 
experiment name: first loop 
volume = -15.000 
rate = 1.000 
init_move = pull
INFO : 06/01/2021 06:04:27 PM Start pump at -15.00 mL/min
INFO : 06/01/2021 06:04:33 PM Start pump at 15.00 mL/min
INFO : 06/01/2021 06:04:38 PM sequence finished
INFO : 06/01/2021 06:04:45 PM 
################################################################################ 
################################################################################ 
experiment name: first loop 
volume = -15.000 
rate = 1.000 
init_move = pull
INFO : 06/01/2021 06:04:46 PM Start pump at -15.00 mL/min
INFO : 06/01/2021 06:04:52 PM Start pump at 15.00 mL/min
INFO : 06/01/2021 06:04:59 PM sequence finished
